[20/03/2026 13:12:41,93] Iniciando sincronizacao... 
Staging files... 
warning: in the working copy of 'git_sync.log', CRLF will be replaced by LF the next time Git touches it
Committing changes... 
error: Unable to create 'D:/SISTEMAS/HUB360PRO/hub360pro-app.prisma.com.br/.git/packed-refs.lock': File exists.

Another git process seems to be running in this repository, e.g.
an editor opened by 'git commit'. Please make sure all processes
are terminated then try again. If it still fails, a git process
may have crashed in this repository earlier:
remove the file manually to continue.
[main 22f0bcd] Sincronizacao de alteracoes
 42 files changed, 749 insertions(+), 553 deletions(-)
 create mode 100644 check_git.bat
 create mode 100644 commit_msg.txt
 create mode 100644 git_status.txt
 create mode 100644 git_sync.log
 create mode 100644 git_sync_log.bat
 delete mode 100644 public/build/assets/app-C0c1Sc-G.js
 create mode 100644 public/build/assets/app-DLgxBmo2.css
 delete mode 100644 public/build/assets/app-InRQqHsI.css
 create mode 100644 public/build/assets/app-jsm-zj1g.js
 rename public/build/assets/{app-0mX0vQiY.css => app-yNRjIgOF.css} (83%)
 create mode 100644 setup_git.bat
 create mode 100644 sync_git.bat
Pushing changes... 
To https://github.com/KelvinMattos/hub360pro-app.prisma.com.br.git
   6e395f5..22f0bcd  main -> main
error: update_ref failed for ref 'refs/remotes/origin/main': cannot lock ref 'refs/remotes/origin/main': Unable to create 'D:/SISTEMAS/HUB360PRO/hub360pro-app.prisma.com.br/.git/refs/remotes/origin/main.lock': File exists.

Another git process seems to be running in this repository, e.g.
an editor opened by 'git commit'. Please make sure all processes
are terminated then try again. If it still fails, a git process
may have crashed in this repository earlier:
remove the file manually to continue.
Sincronizacao concluida com sucesso. 
